2020-11-29T00:10:47+00:00 CRITICAL Uncaught Error: Call to undefined function products() in C:\xampp2\htdocs\rosary\wp-content\themes\rosary\inc\fnc\fnc.php:1132
Stack trace:
#0 C:\xampp2\htdocs\rosary\wp-includes\class-wp-hook.php(287): generate_description('')
#1 C:\xampp2\htdocs\rosary\wp-includes\class-wp-hook.php(311): WP_Hook->apply_filters('', Array)
#2 C:\xampp2\htdocs\rosary\wp-includes\plugin.php(478): WP_Hook->do_action(Array)
#3 C:\xampp2\htdocs\rosary\wp-content\plugins\color-and-image-swatches-for-variable-product-attributes\templates\single-product\variable.php(325): do_action('woocommerce_bef...')
#4 C:\xampp2\htdocs\rosary\wp-content\plugins\woocommerce\includes\wc-core-functions.php(345): include('C:\\xampp2\\htdoc...')
#5 C:\xampp2\htdocs\rosary\wp-content\plugins\woocommerce\includes\wc-template-functions.php(1670): wc_get_template('single-product/...', Array)
#6 C:\xampp2\htdocs\rosary\wp-includes\class-wp-hook.php(287): woocommerce_variable_add_to_cart('')
#7 C:\xampp2\htdocs\rosary\wp-includes\class-wp-hook.php(311): WP_ en C:\xampp2\htdocs\rosary\wp-content\themes\rosary\inc\fnc\fnc.php en la línea 1132

2020-11-29T01:14:47+00:00 CRITICAL Uncaught Error: Call to undefined function products() in C:\xampp2\htdocs\rosary\wp-content\themes\rosary\inc\fnc\fnc.php:1132
Stack trace:
#0 C:\xampp2\htdocs\rosary\wp-includes\class-wp-hook.php(287): generate_description('')
#1 C:\xampp2\htdocs\rosary\wp-includes\class-wp-hook.php(311): WP_Hook->apply_filters('', Array)
#2 C:\xampp2\htdocs\rosary\wp-includes\plugin.php(478): WP_Hook->do_action(Array)
#3 C:\xampp2\htdocs\rosary\wp-content\plugins\color-and-image-swatches-for-variable-product-attributes\templates\single-product\variable.php(325): do_action('woocommerce_bef...')
#4 C:\xampp2\htdocs\rosary\wp-content\plugins\woocommerce\includes\wc-core-functions.php(345): include('C:\\xampp2\\htdoc...')
#5 C:\xampp2\htdocs\rosary\wp-content\plugins\woocommerce\includes\wc-template-functions.php(1670): wc_get_template('single-product/...', Array)
#6 C:\xampp2\htdocs\rosary\wp-includes\class-wp-hook.php(287): woocommerce_variable_add_to_cart('')
#7 C:\xampp2\htdocs\rosary\wp-includes\class-wp-hook.php(311): WP_ en C:\xampp2\htdocs\rosary\wp-content\themes\rosary\inc\fnc\fnc.php en la línea 1132

2020-11-29T01:15:38+00:00 CRITICAL Uncaught Error: Call to undefined function products() in C:\xampp2\htdocs\rosary\wp-content\themes\rosary\inc\fnc\fnc.php:1132
Stack trace:
#0 C:\xampp2\htdocs\rosary\wp-includes\class-wp-hook.php(287): generate_description('')
#1 C:\xampp2\htdocs\rosary\wp-includes\class-wp-hook.php(311): WP_Hook->apply_filters('', Array)
#2 C:\xampp2\htdocs\rosary\wp-includes\plugin.php(478): WP_Hook->do_action(Array)
#3 C:\xampp2\htdocs\rosary\wp-content\plugins\color-and-image-swatches-for-variable-product-attributes\templates\single-product\variable.php(325): do_action('woocommerce_bef...')
#4 C:\xampp2\htdocs\rosary\wp-content\plugins\woocommerce\includes\wc-core-functions.php(345): include('C:\\xampp2\\htdoc...')
#5 C:\xampp2\htdocs\rosary\wp-content\plugins\woocommerce\includes\wc-template-functions.php(1670): wc_get_template('single-product/...', Array)
#6 C:\xampp2\htdocs\rosary\wp-includes\class-wp-hook.php(287): woocommerce_variable_add_to_cart('')
#7 C:\xampp2\htdocs\rosary\wp-includes\class-wp-hook.php(311): WP_ en C:\xampp2\htdocs\rosary\wp-content\themes\rosary\inc\fnc\fnc.php en la línea 1132

2020-11-29T01:16:09+00:00 CRITICAL Uncaught Error: Call to undefined function products() in C:\xampp2\htdocs\rosary\wp-content\themes\rosary\inc\fnc\fnc.php:1132
Stack trace:
#0 C:\xampp2\htdocs\rosary\wp-includes\class-wp-hook.php(287): generate_description('')
#1 C:\xampp2\htdocs\rosary\wp-includes\class-wp-hook.php(311): WP_Hook->apply_filters('', Array)
#2 C:\xampp2\htdocs\rosary\wp-includes\plugin.php(478): WP_Hook->do_action(Array)
#3 C:\xampp2\htdocs\rosary\wp-content\plugins\color-and-image-swatches-for-variable-product-attributes\templates\single-product\variable.php(325): do_action('woocommerce_bef...')
#4 C:\xampp2\htdocs\rosary\wp-content\plugins\woocommerce\includes\wc-core-functions.php(345): include('C:\\xampp2\\htdoc...')
#5 C:\xampp2\htdocs\rosary\wp-content\plugins\woocommerce\includes\wc-template-functions.php(1670): wc_get_template('single-product/...', Array)
#6 C:\xampp2\htdocs\rosary\wp-includes\class-wp-hook.php(287): woocommerce_variable_add_to_cart('')
#7 C:\xampp2\htdocs\rosary\wp-includes\class-wp-hook.php(311): WP_ en C:\xampp2\htdocs\rosary\wp-content\themes\rosary\inc\fnc\fnc.php en la línea 1132

2020-11-29T01:17:35+00:00 CRITICAL Uncaught Error: Call to a member function get_price_html() on null in C:\xampp2\htdocs\rosary\wp-content\themes\rosary\woocommerce\single-product\related.php:55
Stack trace:
#0 C:\xampp2\htdocs\rosary\wp-content\plugins\woocommerce\includes\wc-core-functions.php(345): include()
#1 C:\xampp2\htdocs\rosary\wp-content\plugins\woocommerce\includes\wc-template-functions.php(1973): wc_get_template('single-product/...', Array)
#2 C:\xampp2\htdocs\rosary\wp-content\plugins\woocommerce\includes\wc-template-functions.php(1936): woocommerce_related_products(Array)
#3 C:\xampp2\htdocs\rosary\wp-includes\class-wp-hook.php(287): woocommerce_output_related_products('')
#4 C:\xampp2\htdocs\rosary\wp-includes\class-wp-hook.php(311): WP_Hook->apply_filters(NULL, Array)
#5 C:\xampp2\htdocs\rosary\wp-includes\plugin.php(478): WP_Hook->do_action(Array)
#6 C:\xampp2\htdocs\rosary\wp-content\themes\rosary\woocommerce\content-single-product.php(77): do_action('woocommerce_aft...')
#7 C:\xampp2\htdocs\rosary\wp-includes\template.php( en C:\xampp2\htdocs\rosary\wp-content\themes\rosary\woocommerce\single-product\related.php en la línea 55

