2020-12-18T18:39:47+00:00 CRITICAL syntax error, unexpected '?>' en /var/www/html/Rosary-e/wp-content/themes/rosary/header.php en la línea 204

2020-12-18T18:45:33+00:00 CRITICAL Uncaught Error: Call to undefined function lang() in /var/www/html/Rosary-e/wp-content/themes/rosary/sections/home/main-best-seller.php:28
Stack trace:
#0 /var/www/html/Rosary-e/wp-includes/template.php(725): require()
#1 /var/www/html/Rosary-e/wp-includes/template.php(672): load_template('/var/www/html/R...', false)
#2 /var/www/html/Rosary-e/wp-includes/general-template.php(168): locate_template(Array, true, false)
#3 /var/www/html/Rosary-e/wp-content/themes/rosary/index.php(4): get_template_part('sections/home/m...')
#4 /var/www/html/Rosary-e/wp-includes/template-loader.php(106): include('/var/www/html/R...')
#5 /var/www/html/Rosary-e/wp-blog-header.php(19): require_once('/var/www/html/R...')
#6 /var/www/html/Rosary-e/index.php(17): require('/var/www/html/R...')
#7 {main}
  thrown en /var/www/html/Rosary-e/wp-content/themes/rosary/sections/home/main-best-seller.php en la línea 28

2020-12-18T18:46:59+00:00 CRITICAL Uncaught Error: Call to undefined function lang() in /var/www/html/Rosary-e/wp-content/themes/rosary/sections/home/main-best-seller.php:28
Stack trace:
#0 /var/www/html/Rosary-e/wp-includes/template.php(725): require()
#1 /var/www/html/Rosary-e/wp-includes/template.php(672): load_template('/var/www/html/R...', false)
#2 /var/www/html/Rosary-e/wp-includes/general-template.php(168): locate_template(Array, true, false)
#3 /var/www/html/Rosary-e/wp-content/themes/rosary/index.php(4): get_template_part('sections/home/m...')
#4 /var/www/html/Rosary-e/wp-includes/template-loader.php(106): include('/var/www/html/R...')
#5 /var/www/html/Rosary-e/wp-blog-header.php(19): require_once('/var/www/html/R...')
#6 /var/www/html/Rosary-e/index.php(17): require('/var/www/html/R...')
#7 {main}
  thrown en /var/www/html/Rosary-e/wp-content/themes/rosary/sections/home/main-best-seller.php en la línea 28

2020-12-18T18:47:26+00:00 CRITICAL Uncaught Error: Call to undefined function lang() in /var/www/html/Rosary-e/wp-content/themes/rosary/sections/home/main-best-seller.php:28
Stack trace:
#0 /var/www/html/Rosary-e/wp-includes/template.php(725): require()
#1 /var/www/html/Rosary-e/wp-includes/template.php(672): load_template('/var/www/html/R...', false)
#2 /var/www/html/Rosary-e/wp-includes/general-template.php(168): locate_template(Array, true, false)
#3 /var/www/html/Rosary-e/wp-content/themes/rosary/index.php(4): get_template_part('sections/home/m...')
#4 /var/www/html/Rosary-e/wp-includes/template-loader.php(106): include('/var/www/html/R...')
#5 /var/www/html/Rosary-e/wp-blog-header.php(19): require_once('/var/www/html/R...')
#6 /var/www/html/Rosary-e/index.php(17): require('/var/www/html/R...')
#7 {main}
  thrown en /var/www/html/Rosary-e/wp-content/themes/rosary/sections/home/main-best-seller.php en la línea 28

2020-12-18T20:21:46+00:00 CRITICAL Uncaught Error: Call to undefined function gtermmeta_value() in /var/www/html/Rosary-e/wp-content/themes/rosary/sections/category/subcategory.php:7
Stack trace:
#0 /var/www/html/Rosary-e/wp-includes/template.php(725): require()
#1 /var/www/html/Rosary-e/wp-includes/template.php(672): load_template('/var/www/html/R...', false)
#2 /var/www/html/Rosary-e/wp-includes/general-template.php(168): locate_template(Array, true, false)
#3 /var/www/html/Rosary-e/wp-content/themes/rosary/woocommerce/archive-product.php(7): get_template_part('sections/catego...')
#4 /var/www/html/Rosary-e/wp-content/plugins/woocommerce/includes/wc-core-functions.php(345): include('/var/www/html/R...')
#5 /var/www/html/Rosary-e/wp-content/themes/rosary/woocommerce/taxonomy-product_cat.php(22): wc_get_template('archive-product...')
#6 /var/www/html/Rosary-e/wp-includes/template-loader.php(106): include('/var/www/html/R...')
#7 /var/www/html/Rosary-e/wp-blog-header.php(19): require_once('/var/www/html/R...')
#8 /var/www/html/Rosary-e/index.ph en /var/www/html/Rosary-e/wp-content/themes/rosary/sections/category/subcategory.php en la línea 7

2020-12-18T20:22:13+00:00 CRITICAL Uncaught Error: Call to undefined function gtermmeta_value() in /var/www/html/Rosary-e/wp-content/themes/rosary/sections/category/subcategory.php:7
Stack trace:
#0 /var/www/html/Rosary-e/wp-includes/template.php(725): require()
#1 /var/www/html/Rosary-e/wp-includes/template.php(672): load_template('/var/www/html/R...', false)
#2 /var/www/html/Rosary-e/wp-includes/general-template.php(168): locate_template(Array, true, false)
#3 /var/www/html/Rosary-e/wp-content/themes/rosary/woocommerce/archive-product.php(7): get_template_part('sections/catego...')
#4 /var/www/html/Rosary-e/wp-content/plugins/woocommerce/includes/wc-core-functions.php(345): include('/var/www/html/R...')
#5 /var/www/html/Rosary-e/wp-content/themes/rosary/woocommerce/taxonomy-product_cat.php(22): wc_get_template('archive-product...')
#6 /var/www/html/Rosary-e/wp-includes/template-loader.php(106): include('/var/www/html/R...')
#7 /var/www/html/Rosary-e/wp-blog-header.php(19): require_once('/var/www/html/R...')
#8 /var/www/html/Rosary-e/index.ph en /var/www/html/Rosary-e/wp-content/themes/rosary/sections/category/subcategory.php en la línea 7

2020-12-18T20:22:45+00:00 CRITICAL Uncaught Error: Call to undefined function gtermmeta_value() in /var/www/html/Rosary-e/wp-content/themes/rosary/sections/category/subcategory.php:7
Stack trace:
#0 /var/www/html/Rosary-e/wp-includes/template.php(725): require()
#1 /var/www/html/Rosary-e/wp-includes/template.php(672): load_template('/var/www/html/R...', false)
#2 /var/www/html/Rosary-e/wp-includes/general-template.php(168): locate_template(Array, true, false)
#3 /var/www/html/Rosary-e/wp-content/themes/rosary/woocommerce/archive-product.php(7): get_template_part('sections/catego...')
#4 /var/www/html/Rosary-e/wp-content/plugins/woocommerce/includes/wc-core-functions.php(345): include('/var/www/html/R...')
#5 /var/www/html/Rosary-e/wp-content/themes/rosary/woocommerce/taxonomy-product_cat.php(22): wc_get_template('archive-product...')
#6 /var/www/html/Rosary-e/wp-includes/template-loader.php(106): include('/var/www/html/R...')
#7 /var/www/html/Rosary-e/wp-blog-header.php(19): require_once('/var/www/html/R...')
#8 /var/www/html/Rosary-e/index.ph en /var/www/html/Rosary-e/wp-content/themes/rosary/sections/category/subcategory.php en la línea 7

2020-12-18T20:30:16+00:00 CRITICAL Uncaught Error: Call to undefined function gtermmeta_value() in /var/www/html/Rosary-e/wp-content/themes/rosary/sections/category/subcategory.php:7
Stack trace:
#0 /var/www/html/Rosary-e/wp-includes/template.php(725): require()
#1 /var/www/html/Rosary-e/wp-includes/template.php(672): load_template('/var/www/html/R...', false)
#2 /var/www/html/Rosary-e/wp-includes/general-template.php(168): locate_template(Array, true, false)
#3 /var/www/html/Rosary-e/wp-content/themes/rosary/woocommerce/archive-product.php(7): get_template_part('sections/catego...')
#4 /var/www/html/Rosary-e/wp-content/plugins/woocommerce/includes/wc-core-functions.php(345): include('/var/www/html/R...')
#5 /var/www/html/Rosary-e/wp-content/themes/rosary/woocommerce/taxonomy-product_cat.php(22): wc_get_template('archive-product...')
#6 /var/www/html/Rosary-e/wp-includes/template-loader.php(106): include('/var/www/html/R...')
#7 /var/www/html/Rosary-e/wp-blog-header.php(19): require_once('/var/www/html/R...')
#8 /var/www/html/Rosary-e/index.ph en /var/www/html/Rosary-e/wp-content/themes/rosary/sections/category/subcategory.php en la línea 7

2020-12-18T20:30:56+00:00 CRITICAL Uncaught Error: Call to undefined function gtermmeta_value() in /var/www/html/Rosary-e/wp-content/themes/rosary/sections/category/subcategory.php:7
Stack trace:
#0 /var/www/html/Rosary-e/wp-includes/template.php(725): require()
#1 /var/www/html/Rosary-e/wp-includes/template.php(672): load_template('/var/www/html/R...', false)
#2 /var/www/html/Rosary-e/wp-includes/general-template.php(168): locate_template(Array, true, false)
#3 /var/www/html/Rosary-e/wp-content/themes/rosary/woocommerce/archive-product.php(7): get_template_part('sections/catego...')
#4 /var/www/html/Rosary-e/wp-content/plugins/woocommerce/includes/wc-core-functions.php(345): include('/var/www/html/R...')
#5 /var/www/html/Rosary-e/wp-content/themes/rosary/woocommerce/taxonomy-product_cat.php(22): wc_get_template('archive-product...')
#6 /var/www/html/Rosary-e/wp-includes/template-loader.php(106): include('/var/www/html/R...')
#7 /var/www/html/Rosary-e/wp-blog-header.php(19): require_once('/var/www/html/R...')
#8 /var/www/html/Rosary-e/index.ph en /var/www/html/Rosary-e/wp-content/themes/rosary/sections/category/subcategory.php en la línea 7

2020-12-18T20:32:53+00:00 CRITICAL Uncaught Error: Call to undefined function gtermmeta_value() in /var/www/html/Rosary-e/wp-content/themes/rosary/sections/category/subcategory.php:7
Stack trace:
#0 /var/www/html/Rosary-e/wp-includes/template.php(725): require()
#1 /var/www/html/Rosary-e/wp-includes/template.php(672): load_template('/var/www/html/R...', false)
#2 /var/www/html/Rosary-e/wp-includes/general-template.php(168): locate_template(Array, true, false)
#3 /var/www/html/Rosary-e/wp-content/themes/rosary/woocommerce/archive-product.php(7): get_template_part('sections/catego...')
#4 /var/www/html/Rosary-e/wp-content/plugins/woocommerce/includes/wc-core-functions.php(345): include('/var/www/html/R...')
#5 /var/www/html/Rosary-e/wp-content/themes/rosary/woocommerce/taxonomy-product_cat.php(22): wc_get_template('archive-product...')
#6 /var/www/html/Rosary-e/wp-includes/template-loader.php(106): include('/var/www/html/R...')
#7 /var/www/html/Rosary-e/wp-blog-header.php(19): require_once('/var/www/html/R...')
#8 /var/www/html/Rosary-e/index.ph en /var/www/html/Rosary-e/wp-content/themes/rosary/sections/category/subcategory.php en la línea 7

2020-12-18T20:38:36+00:00 CRITICAL Uncaught Error: Call to undefined function gtermmeta_value() in /var/www/html/Rosary-e/wp-content/themes/rosary/sections/category/subcategory.php:7
Stack trace:
#0 /var/www/html/Rosary-e/wp-includes/template.php(725): require()
#1 /var/www/html/Rosary-e/wp-includes/template.php(672): load_template('/var/www/html/R...', false)
#2 /var/www/html/Rosary-e/wp-includes/general-template.php(168): locate_template(Array, true, false)
#3 /var/www/html/Rosary-e/wp-content/themes/rosary/woocommerce/archive-product.php(7): get_template_part('sections/catego...')
#4 /var/www/html/Rosary-e/wp-content/plugins/woocommerce/includes/wc-core-functions.php(345): include('/var/www/html/R...')
#5 /var/www/html/Rosary-e/wp-content/themes/rosary/woocommerce/taxonomy-product_cat.php(22): wc_get_template('archive-product...')
#6 /var/www/html/Rosary-e/wp-includes/template-loader.php(106): include('/var/www/html/R...')
#7 /var/www/html/Rosary-e/wp-blog-header.php(19): require_once('/var/www/html/R...')
#8 /var/www/html/Rosary-e/index.ph en /var/www/html/Rosary-e/wp-content/themes/rosary/sections/category/subcategory.php en la línea 7

2020-12-18T20:39:08+00:00 CRITICAL Uncaught Error: Call to undefined function gtermmeta_value() in /var/www/html/Rosary-e/wp-content/themes/rosary/sections/category/subcategory.php:7
Stack trace:
#0 /var/www/html/Rosary-e/wp-includes/template.php(725): require()
#1 /var/www/html/Rosary-e/wp-includes/template.php(672): load_template('/var/www/html/R...', false)
#2 /var/www/html/Rosary-e/wp-includes/general-template.php(168): locate_template(Array, true, false)
#3 /var/www/html/Rosary-e/wp-content/themes/rosary/woocommerce/archive-product.php(7): get_template_part('sections/catego...')
#4 /var/www/html/Rosary-e/wp-content/plugins/woocommerce/includes/wc-core-functions.php(345): include('/var/www/html/R...')
#5 /var/www/html/Rosary-e/wp-content/themes/rosary/woocommerce/taxonomy-product_cat.php(22): wc_get_template('archive-product...')
#6 /var/www/html/Rosary-e/wp-includes/template-loader.php(106): include('/var/www/html/R...')
#7 /var/www/html/Rosary-e/wp-blog-header.php(19): require_once('/var/www/html/R...')
#8 /var/www/html/Rosary-e/index.ph en /var/www/html/Rosary-e/wp-content/themes/rosary/sections/category/subcategory.php en la línea 7

2020-12-18T20:39:16+00:00 CRITICAL Uncaught Error: Call to undefined function gtermmeta_value() in /var/www/html/Rosary-e/wp-content/themes/rosary/sections/category/subcategory.php:7
Stack trace:
#0 /var/www/html/Rosary-e/wp-includes/template.php(725): require()
#1 /var/www/html/Rosary-e/wp-includes/template.php(672): load_template('/var/www/html/R...', false)
#2 /var/www/html/Rosary-e/wp-includes/general-template.php(168): locate_template(Array, true, false)
#3 /var/www/html/Rosary-e/wp-content/themes/rosary/woocommerce/archive-product.php(7): get_template_part('sections/catego...')
#4 /var/www/html/Rosary-e/wp-content/plugins/woocommerce/includes/wc-core-functions.php(345): include('/var/www/html/R...')
#5 /var/www/html/Rosary-e/wp-content/themes/rosary/woocommerce/taxonomy-product_cat.php(22): wc_get_template('archive-product...')
#6 /var/www/html/Rosary-e/wp-includes/template-loader.php(106): include('/var/www/html/R...')
#7 /var/www/html/Rosary-e/wp-blog-header.php(19): require_once('/var/www/html/R...')
#8 /var/www/html/Rosary-e/index.ph en /var/www/html/Rosary-e/wp-content/themes/rosary/sections/category/subcategory.php en la línea 7

2020-12-18T20:39:16+00:00 CRITICAL Uncaught Error: Call to undefined function gtermmeta_value() in /var/www/html/Rosary-e/wp-content/themes/rosary/sections/category/subcategory.php:7
Stack trace:
#0 /var/www/html/Rosary-e/wp-includes/template.php(725): require()
#1 /var/www/html/Rosary-e/wp-includes/template.php(672): load_template('/var/www/html/R...', false)
#2 /var/www/html/Rosary-e/wp-includes/general-template.php(168): locate_template(Array, true, false)
#3 /var/www/html/Rosary-e/wp-content/themes/rosary/woocommerce/archive-product.php(7): get_template_part('sections/catego...')
#4 /var/www/html/Rosary-e/wp-content/plugins/woocommerce/includes/wc-core-functions.php(345): include('/var/www/html/R...')
#5 /var/www/html/Rosary-e/wp-content/themes/rosary/woocommerce/taxonomy-product_cat.php(22): wc_get_template('archive-product...')
#6 /var/www/html/Rosary-e/wp-includes/template-loader.php(106): include('/var/www/html/R...')
#7 /var/www/html/Rosary-e/wp-blog-header.php(19): require_once('/var/www/html/R...')
#8 /var/www/html/Rosary-e/index.ph en /var/www/html/Rosary-e/wp-content/themes/rosary/sections/category/subcategory.php en la línea 7

2020-12-18T20:41:16+00:00 CRITICAL Uncaught Error: Call to undefined function gtermmeta_value() in /var/www/html/Rosary-e/wp-content/themes/rosary/sections/category/subcategory.php:7
Stack trace:
#0 /var/www/html/Rosary-e/wp-includes/template.php(725): require()
#1 /var/www/html/Rosary-e/wp-includes/template.php(672): load_template('/var/www/html/R...', false)
#2 /var/www/html/Rosary-e/wp-includes/general-template.php(168): locate_template(Array, true, false)
#3 /var/www/html/Rosary-e/wp-content/themes/rosary/woocommerce/archive-product.php(7): get_template_part('sections/catego...')
#4 /var/www/html/Rosary-e/wp-content/plugins/woocommerce/includes/wc-core-functions.php(345): include('/var/www/html/R...')
#5 /var/www/html/Rosary-e/wp-content/themes/rosary/woocommerce/taxonomy-product_cat.php(22): wc_get_template('archive-product...')
#6 /var/www/html/Rosary-e/wp-includes/template-loader.php(106): include('/var/www/html/R...')
#7 /var/www/html/Rosary-e/wp-blog-header.php(19): require_once('/var/www/html/R...')
#8 /var/www/html/Rosary-e/index.ph en /var/www/html/Rosary-e/wp-content/themes/rosary/sections/category/subcategory.php en la línea 7

2020-12-18T22:39:52+00:00 CRITICAL Uncaught Error: Call to undefined function price_mayor() in /var/www/html/Rosary-e/wp-content/themes/rosary/woocommerce/archive-product.php:85
Stack trace:
#0 /var/www/html/Rosary-e/wp-includes/template-loader.php(106): include()
#1 /var/www/html/Rosary-e/wp-blog-header.php(19): require_once('/var/www/html/R...')
#2 /var/www/html/Rosary-e/index.php(17): require('/var/www/html/R...')
#3 {main}
  thrown en /var/www/html/Rosary-e/wp-content/themes/rosary/woocommerce/archive-product.php en la línea 85

2020-12-18T22:40:59+00:00 CRITICAL Uncaught Error: Call to undefined function price_mayor() in /var/www/html/Rosary-e/wp-content/themes/rosary/woocommerce/archive-product.php:85
Stack trace:
#0 /var/www/html/Rosary-e/wp-includes/template-loader.php(106): include()
#1 /var/www/html/Rosary-e/wp-blog-header.php(19): require_once('/var/www/html/R...')
#2 /var/www/html/Rosary-e/index.php(17): require('/var/www/html/R...')
#3 {main}
  thrown en /var/www/html/Rosary-e/wp-content/themes/rosary/woocommerce/archive-product.php en la línea 85

