2020-12-01T00:05:53+00:00 CRITICAL Uncaught Error: Call to undefined function cut_text() in C:\xampp\htdocs\rosary\wp-content\themes\rosary\woocommerce\archive-product.php:285
Stack trace:
#0 C:\xampp\htdocs\rosary\wp-includes\template-loader.php(106): include()
#1 C:\xampp\htdocs\rosary\wp-blog-header.php(19): require_once('C:\\xampp\\htdocs...')
#2 C:\xampp\htdocs\rosary\index.php(17): require('C:\\xampp\\htdocs...')
#3 {main}
  thrown en C:\xampp\htdocs\rosary\wp-content\themes\rosary\woocommerce\archive-product.php en la línea 285

2020-12-01T00:31:31+00:00 CRITICAL syntax error, unexpected '$posts_per_page' (T_VARIABLE) en C:\xampp\htdocs\rosary\wp-content\themes\rosary\woocommerce\archive-product.php en la línea 316

2020-12-01T13:15:46+00:00 CRITICAL Uncaught ArgumentCountError: Too few arguments to function meta_value(), 1 passed in C:\xampp\htdocs\rosary\wp-content\themes\rosary\woocommerce\archive-product.php on line 119 and exactly 2 expected in C:\xampp\htdocs\rosary\wp-content\themes\rosary\inc\fnc\fnc.php:558
Stack trace:
#0 C:\xampp\htdocs\rosary\wp-content\themes\rosary\woocommerce\archive-product.php(119): meta_value('image-banner-pr...')
#1 C:\xampp\htdocs\rosary\wp-includes\template-loader.php(106): include('C:\\xampp\\htdocs...')
#2 C:\xampp\htdocs\rosary\wp-blog-header.php(19): require_once('C:\\xampp\\htdocs...')
#3 C:\xampp\htdocs\rosary\index.php(17): require('C:\\xampp\\htdocs...')
#4 {main}
  thrown en C:\xampp\htdocs\rosary\wp-content\themes\rosary\inc\fnc\fnc.php en la línea 558

2020-12-01T13:16:10+00:00 CRITICAL Uncaught ArgumentCountError: Too few arguments to function meta_value_img(), 1 passed in C:\xampp\htdocs\rosary\wp-content\themes\rosary\woocommerce\archive-product.php on line 119 and exactly 2 expected in C:\xampp\htdocs\rosary\wp-content\themes\rosary\inc\fnc\fnc.php:571
Stack trace:
#0 C:\xampp\htdocs\rosary\wp-content\themes\rosary\woocommerce\archive-product.php(119): meta_value_img('image-banner-pr...')
#1 C:\xampp\htdocs\rosary\wp-includes\template-loader.php(106): include('C:\\xampp\\htdocs...')
#2 C:\xampp\htdocs\rosary\wp-blog-header.php(19): require_once('C:\\xampp\\htdocs...')
#3 C:\xampp\htdocs\rosary\index.php(17): require('C:\\xampp\\htdocs...')
#4 {main}
  thrown en C:\xampp\htdocs\rosary\wp-content\themes\rosary\inc\fnc\fnc.php en la línea 571

2020-12-01T13:31:22+00:00 CRITICAL syntax error, unexpected '?' en C:\xampp\htdocs\rosary\wp-content\themes\rosary\woocommerce\archive-product.php en la línea 23

