2020-11-23T00:20:22+00:00 CRITICAL Uncaught Error: Call to undefined function wp_name() in C:\xampp2\htdocs\rosary\wp-content\themes\rosary\header.php:20
Stack trace:
#0 C:\xampp2\htdocs\rosary\wp-includes\template.php(723): require_once()
#1 C:\xampp2\htdocs\rosary\wp-includes\template.php(672): load_template('C:\\xampp2\\htdoc...', true)
#2 C:\xampp2\htdocs\rosary\wp-includes\general-template.php(41): locate_template(Array, true)
#3 C:\xampp2\htdocs\rosary\wp-content\themes\rosary\page-new-in.php(1): get_header()
#4 C:\xampp2\htdocs\rosary\wp-includes\template-loader.php(106): include('C:\\xampp2\\htdoc...')
#5 C:\xampp2\htdocs\rosary\wp-blog-header.php(19): require_once('C:\\xampp2\\htdoc...')
#6 C:\xampp2\htdocs\rosary\index.php(17): require('C:\\xampp2\\htdoc...')
#7 {main}
  thrown in C:\xampp2\htdocs\rosary\wp-content\themes\rosary\header.php on line 20

2020-11-23T00:20:28+00:00 CRITICAL Uncaught Error: Call to undefined function wp_name() in C:\xampp2\htdocs\rosary\wp-content\themes\rosary\header.php:20
Stack trace:
#0 C:\xampp2\htdocs\rosary\wp-includes\template.php(723): require_once()
#1 C:\xampp2\htdocs\rosary\wp-includes\template.php(672): load_template('C:\\xampp2\\htdoc...', true)
#2 C:\xampp2\htdocs\rosary\wp-includes\general-template.php(41): locate_template(Array, true)
#3 C:\xampp2\htdocs\rosary\wp-content\themes\rosary\index.php(1): get_header()
#4 C:\xampp2\htdocs\rosary\wp-includes\template-loader.php(106): include('C:\\xampp2\\htdoc...')
#5 C:\xampp2\htdocs\rosary\wp-blog-header.php(19): require_once('C:\\xampp2\\htdoc...')
#6 C:\xampp2\htdocs\rosary\index.php(17): require('C:\\xampp2\\htdoc...')
#7 {main}
  thrown in C:\xampp2\htdocs\rosary\wp-content\themes\rosary\header.php on line 20

2020-11-23T00:53:55+00:00 CRITICAL syntax error, unexpected end of file in C:\xampp2\htdocs\rosary\wp-content\themes\rosary\woocommerce\archive-product.php on line 417

2020-11-23T18:25:09+00:00 CRITICAL syntax error, unexpected ';', expecting ')' in C:\xampp\htdocs\rosary\wp-content\themes\rosary\functions.php on line 25

2020-11-23T21:01:57+00:00 CRITICAL Uncaught Error: Call to undefined function the_ttle() in C:\xampp\htdocs\rosary\wp-content\themes\rosary\single.php:25
Stack trace:
#0 C:\xampp\htdocs\rosary\wp-includes\template-loader.php(106): include()
#1 C:\xampp\htdocs\rosary\wp-blog-header.php(19): require_once('C:\\xampp\\htdocs...')
#2 C:\xampp\htdocs\rosary\index.php(17): require('C:\\xampp\\htdocs...')
#3 {main}
  thrown in C:\xampp\htdocs\rosary\wp-content\themes\rosary\single.php on line 25

