2021-01-20T19:37:34+00:00 CRITICAL syntax error, unexpected '**' (T_POW), expecting end of file en /var/www/html/Rosary-e/wp-content/themes/rosary/inc/fnc/fnc.php en la línea 84

2021-01-20T19:38:31+00:00 CRITICAL Uncaught Error: Call to undefined function et_queried_object() in /var/www/html/Rosary-e/wp-content/themes/rosary/woocommerce/archive-product.php:67
Stack trace:
#0 /var/www/html/Rosary-e/wp-includes/template-loader.php(106): include()
#1 /var/www/html/Rosary-e/wp-blog-header.php(19): require_once('/var/www/html/R...')
#2 /var/www/html/Rosary-e/index.php(17): require('/var/www/html/R...')
#3 {main}
  thrown en /var/www/html/Rosary-e/wp-content/themes/rosary/woocommerce/archive-product.php en la línea 67

2021-01-20T19:42:35+00:00 CRITICAL Uncaught Error: Call to undefined function et_queried_object() in /var/www/html/Rosary-e/wp-content/themes/rosary/woocommerce/archive-product.php:67
Stack trace:
#0 /var/www/html/Rosary-e/wp-includes/template-loader.php(106): include()
#1 /var/www/html/Rosary-e/wp-blog-header.php(19): require_once('/var/www/html/R...')
#2 /var/www/html/Rosary-e/index.php(17): require('/var/www/html/R...')
#3 {main}
  thrown en /var/www/html/Rosary-e/wp-content/themes/rosary/woocommerce/archive-product.php en la línea 67

2021-01-20T19:42:51+00:00 CRITICAL Uncaught Error: Call to undefined function et_queried_object() in /var/www/html/Rosary-e/wp-content/themes/rosary/woocommerce/archive-product.php:67
Stack trace:
#0 /var/www/html/Rosary-e/wp-includes/template-loader.php(106): include()
#1 /var/www/html/Rosary-e/wp-blog-header.php(19): require_once('/var/www/html/R...')
#2 /var/www/html/Rosary-e/index.php(17): require('/var/www/html/R...')
#3 {main}
  thrown en /var/www/html/Rosary-e/wp-content/themes/rosary/woocommerce/archive-product.php en la línea 67

2021-01-20T21:19:32+00:00 CRITICAL Uncaught Error: Call to a member function get_price_html() on null in /var/www/html/Rosary-e/wp-content/themes/rosary/woocommerce/archive-product.php:209
Stack trace:
#0 /var/www/html/Rosary-e/wp-content/plugins/woocommerce/includes/wc-core-functions.php(345): include()
#1 /var/www/html/Rosary-e/wp-content/themes/rosary/woocommerce/taxonomy-product_cat.php(22): wc_get_template('archive-product...')
#2 /var/www/html/Rosary-e/wp-includes/template-loader.php(106): include('/var/www/html/R...')
#3 /var/www/html/Rosary-e/wp-blog-header.php(19): require_once('/var/www/html/R...')
#4 /var/www/html/Rosary-e/index.php(17): require('/var/www/html/R...')
#5 {main}
  thrown en /var/www/html/Rosary-e/wp-content/themes/rosary/woocommerce/archive-product.php en la línea 209

2021-01-20T21:23:48+00:00 CRITICAL Uncaught Error: Call to a member function get_price_html() on null in /var/www/html/Rosary-e/wp-content/themes/rosary/woocommerce/archive-product.php:209
Stack trace:
#0 /var/www/html/Rosary-e/wp-content/plugins/woocommerce/includes/wc-core-functions.php(345): include()
#1 /var/www/html/Rosary-e/wp-content/themes/rosary/woocommerce/taxonomy-product_cat.php(22): wc_get_template('archive-product...')
#2 /var/www/html/Rosary-e/wp-includes/template-loader.php(106): include('/var/www/html/R...')
#3 /var/www/html/Rosary-e/wp-blog-header.php(19): require_once('/var/www/html/R...')
#4 /var/www/html/Rosary-e/index.php(17): require('/var/www/html/R...')
#5 {main}
  thrown en /var/www/html/Rosary-e/wp-content/themes/rosary/woocommerce/archive-product.php en la línea 209

2021-01-20T21:30:28+00:00 CRITICAL Uncaught Error: Call to a member function get_price_html() on null in /var/www/html/Rosary-e/wp-content/themes/rosary/woocommerce/archive-product.php:209
Stack trace:
#0 /var/www/html/Rosary-e/wp-content/plugins/woocommerce/includes/wc-core-functions.php(345): include()
#1 /var/www/html/Rosary-e/wp-content/themes/rosary/woocommerce/taxonomy-product_cat.php(22): wc_get_template('archive-product...')
#2 /var/www/html/Rosary-e/wp-includes/template-loader.php(106): include('/var/www/html/R...')
#3 /var/www/html/Rosary-e/wp-blog-header.php(19): require_once('/var/www/html/R...')
#4 /var/www/html/Rosary-e/index.php(17): require('/var/www/html/R...')
#5 {main}
  thrown en /var/www/html/Rosary-e/wp-content/themes/rosary/woocommerce/archive-product.php en la línea 209

2021-01-20T21:30:44+00:00 CRITICAL Uncaught Error: Call to a member function get_price_html() on null in /var/www/html/Rosary-e/wp-content/themes/rosary/woocommerce/archive-product.php:209
Stack trace:
#0 /var/www/html/Rosary-e/wp-content/plugins/woocommerce/includes/wc-core-functions.php(345): include()
#1 /var/www/html/Rosary-e/wp-content/themes/rosary/woocommerce/taxonomy-product_cat.php(22): wc_get_template('archive-product...')
#2 /var/www/html/Rosary-e/wp-includes/template-loader.php(106): include('/var/www/html/R...')
#3 /var/www/html/Rosary-e/wp-blog-header.php(19): require_once('/var/www/html/R...')
#4 /var/www/html/Rosary-e/index.php(17): require('/var/www/html/R...')
#5 {main}
  thrown en /var/www/html/Rosary-e/wp-content/themes/rosary/woocommerce/archive-product.php en la línea 209

2021-01-20T21:31:25+00:00 CRITICAL Uncaught Error: Call to a member function get_price_html() on null in /var/www/html/Rosary-e/wp-content/themes/rosary/woocommerce/archive-product.php:209
Stack trace:
#0 /var/www/html/Rosary-e/wp-content/plugins/woocommerce/includes/wc-core-functions.php(345): include()
#1 /var/www/html/Rosary-e/wp-content/themes/rosary/woocommerce/taxonomy-product_cat.php(22): wc_get_template('archive-product...')
#2 /var/www/html/Rosary-e/wp-includes/template-loader.php(106): include('/var/www/html/R...')
#3 /var/www/html/Rosary-e/wp-blog-header.php(19): require_once('/var/www/html/R...')
#4 /var/www/html/Rosary-e/index.php(17): require('/var/www/html/R...')
#5 {main}
  thrown en /var/www/html/Rosary-e/wp-content/themes/rosary/woocommerce/archive-product.php en la línea 209

