2020-11-29T00:04:43+00:00 ERROR Error getting remote inbox notification data feed
2020-11-29T00:04:43+00:00 ERROR WP_Error Object
(
    [errors] => Array
        (
            [http_request_failed] => Array
                (
                    [0] => cURL error 28: Resolving timed out after 5016 milliseconds
                )

        )

    [error_data] => Array
        (
        )

)

2020-11-29T00:04:55+00:00 ERROR Error getting remote inbox notification data feed
2020-11-29T00:04:55+00:00 ERROR WP_Error Object
(
    [errors] => Array
        (
            [http_request_failed] => Array
                (
                    [0] => cURL error 28: Resolving timed out after 5000 milliseconds
                )

        )

    [error_data] => Array
        (
        )

)

2020-11-29T01:08:06+00:00 ERROR Error getting remote inbox notification data feed
2020-11-29T01:08:06+00:00 ERROR WP_Error Object
(
    [errors] => Array
        (
            [http_request_failed] => Array
                (
                    [0] => cURL error 28: Resolving timed out after 5000 milliseconds
                )

        )

    [error_data] => Array
        (
        )

)

2020-11-29T01:08:19+00:00 ERROR Error getting remote inbox notification data feed
2020-11-29T01:08:19+00:00 ERROR WP_Error Object
(
    [errors] => Array
        (
            [http_request_failed] => Array
                (
                    [0] => cURL error 28: Resolving timed out after 5000 milliseconds
                )

        )

    [error_data] => Array
        (
        )

)

2020-11-29T01:08:32+00:00 ERROR Error getting remote inbox notification data feed
2020-11-29T01:08:32+00:00 ERROR WP_Error Object
(
    [errors] => Array
        (
            [http_request_failed] => Array
                (
                    [0] => cURL error 28: Resolving timed out after 5000 milliseconds
                )

        )

    [error_data] => Array
        (
        )

)

2020-11-29T01:08:44+00:00 ERROR Error getting remote inbox notification data feed
2020-11-29T01:08:44+00:00 ERROR WP_Error Object
(
    [errors] => Array
        (
            [http_request_failed] => Array
                (
                    [0] => cURL error 28: Resolving timed out after 5000 milliseconds
                )

        )

    [error_data] => Array
        (
        )

)

2020-11-29T01:08:57+00:00 ERROR Error getting remote inbox notification data feed
2020-11-29T01:08:57+00:00 ERROR WP_Error Object
(
    [errors] => Array
        (
            [http_request_failed] => Array
                (
                    [0] => cURL error 28: Resolving timed out after 5000 milliseconds
                )

        )

    [error_data] => Array
        (
        )

)

2020-11-29T06:39:28+00:00 ERROR Error getting remote inbox notification data feed
2020-11-29T06:39:28+00:00 ERROR WP_Error Object
(
    [errors] => Array
        (
            [http_request_failed] => Array
                (
                    [0] => cURL error 6: Could not resolve host: woocommerce.com
                )

        )

    [error_data] => Array
        (
        )

)

